<?xml version="1.0" encoding="UTF-8"?>
<testsuite name="dominio.unitaria.BibliotecarioTest" tests="1" skipped="0" failures="0" errors="0" timestamp="2019-10-26T21:16:51" hostname="donaldarmando-Lenovo-ideapad-320-15ABR" time="0.263">
  <properties/>
  <testcase name="esPrestadoTest" classname="dominio.unitaria.BibliotecarioTest" time="0.263"/>
  <system-out><![CDATA[]]></system-out>
  <system-err><![CDATA[]]></system-err>
</testsuite>
